Removed Pin From Net: NetName=GND Pin=C5-1
Removed Pin From Net: NetName=NetC1_2 Pin=C5-2
Change Component Footprint: Designator=C5 Old Footprint=RAD-0.3 New Footprint=CAPC1608X90X35ML10T15
Change Component Comment : Designator=C5 Old Comment=Cap New Comment=10µF
Change Managed Component Library Link : Designator=C5 Old VaultGUID= New VaultGUID=B7D15EC3-160A-466F-A46C-7801FE6295A7 Old ItemGUID= New ItemGUID=556B4017-A700-4B48-8E24-2606AFF298B5 Old RevisionGUID= New RevisionGUID=D5005CE1-1001-43F6-8ADB-583082F2DF23
Change component parameters: Designator = "C5" ("C5"); Footprint = "RAD-0.3"; UniqueID = "\EOLMAJZP\KLIXYMXU" ("\EOLMAJZP\KLIXYMXU")
Change component parameters (AddParameter): Name = "Capacitance"; Value = "22pF"; VariantName = "[No Variations]"
Change component parameters (AddParameter): Name = "Case Size/Dimension"; Value = "0603"; VariantName = "[No Variations]"
Change component parameters (AddParameter): Name = "Datasheet URL"; Value = "https://datasheet.ciiva.com/11786/0900766b807a1cab-11786398.pdf"; VariantName = "[No Variations]"
Change component parameters (AddParameter): Name = "Datasheet Version"; Value = "Jul-06"; VariantName = "[No Variations]"
Change component parameters (AddParameter): Name = "Dielectric"; Value = "C0G"; VariantName = "[No Variations]"
Change component parameters (AddParameter): Name = "Manufacturer"; Value = "Murata"; VariantName = "[No Variations]"
Change component parameters (AddParameter): Name = "Manufacturer URL"; Value = "http://www.murata.com/"; VariantName = "[No Variations]"
Change component parameters (AddParameter): Name = "Package Description"; Value = "2-Pin Surface Mount Device, Body 1.6 x 0.8 mm"; VariantName = "[No Variations]"
Change component parameters (AddParameter): Name = "Package Reference"; Value = "603"; VariantName = "[No Variations]"
Change component parameters (AddParameter): Name = "Rated Voltage"; Value = "50V"; VariantName = "[No Variations]"
Change component parameters (AddParameter): Name = "Tolerance (%)"; Value = "±5%"; VariantName = "[No Variations]"
Added Pin To Net: NetName=NetC1_2 Pin=C5-1
Added Pin To Net: NetName=GND Pin=C5-2
Added Room: Name=Power Management
